<?xml version="1.0" encoding="UTF-8"?>
<!-- Generated by org.testng.reporters.JUnitReportReporter -->
<testsuite hostname="SeenaReddy" failures="0" tests="1" name="testNG.FB" time="10.220" errors="0" timestamp="2024-09-04T05:41:38 MDT" skipped="0">
  <testcase classname="testNG.FB" name="f" time="10.220"/>
</testsuite> <!-- testNG.FB -->
