<?xml version="1.0" encoding="UTF-8"?>
<!-- Generated by org.testng.reporters.JUnitReportReporter -->
<testsuite hostname="SeenaReddy" failures="0" tests="3" name="testNG.Fb_crossBrowserTesting" time="27.210" errors="0" timestamp="2024-08-30T05:36:24 MDT" skipped="0">
  <testcase classname="testNG.Fb_crossBrowserTesting" name="f" time="9.312"/>
  <testcase classname="testNG.Fb_crossBrowserTesting" name="f" time="9.603"/>
  <testcase classname="testNG.Fb_crossBrowserTesting" name="f" time="8.295"/>
</testsuite> <!-- testNG.Fb_crossBrowserTesting -->
