<?xml version="1.0" encoding="UTF-8"?>
<!-- Generated by org.testng.reporters.JUnitReportReporter -->
<testsuite hostname="SeenaReddy" failures="0" tests="6" name="testNG.DataProviderDemo" time="0.017" errors="0" timestamp="2024-09-04T05:38:46 MDT" skipped="0">
  <testcase classname="testNG.DataProviderDemo" name="d" time="0.002"/>
  <testcase classname="testNG.DataProviderDemo" name="d" time="0.001"/>
  <testcase classname="testNG.DataProviderDemo" name="f" time="0.007"/>
  <testcase classname="testNG.DataProviderDemo" name="d" time="0.003"/>
  <testcase classname="testNG.DataProviderDemo" name="f" time="0.001"/>
  <testcase classname="testNG.DataProviderDemo" name="f" time="0.003"/>
</testsuite> <!-- testNG.DataProviderDemo -->
