<?xml version="1.0" encoding="UTF-8"?>
<!-- Generated by org.testng.reporters.JUnitReportReporter -->
<testsuite hostname="SeenaReddy" failures="0" tests="1" name="testNG.FirstProgram" time="0.002" errors="0" timestamp="2024-09-04T05:38:46 MDT" skipped="0">
  <testcase classname="testNG.FirstProgram" name="f" time="0.002"/>
</testsuite> <!-- testNG.FirstProgram -->
