<?xml version="1.0" encoding="UTF-8"?>
<!-- Generated by org.testng.reporters.JUnitReportReporter -->
<testsuite hostname="SeenaReddy" failures="0" tests="4" name="testNG.TestCaseExecution_Assignment11" time="15.029" errors="0" timestamp="2024-09-04T05:38:46 MDT" skipped="0">
  <testcase classname="testNG.TestCaseExecution_Assignment11" name="tc_03" time="6.745"/>
  <testcase classname="testNG.TestCaseExecution_Assignment11" name="tc_04" time="5.994"/>
  <testcase classname="testNG.TestCaseExecution_Assignment11" name="tc_02" time="1.499"/>
  <testcase classname="testNG.TestCaseExecution_Assignment11" name="tc_01" time="0.791"/>
</testsuite> <!-- testNG.TestCaseExecution_Assignment11 -->
