<?xml version="1.0" encoding="UTF-8"?>
<!-- Generated by org.testng.reporters.JUnitReportReporter -->
<testsuite hostname="SeenaReddy" failures="0" tests="1" name="testNG.FirstTestNG_Assignment" time="45.249" errors="0" timestamp="2024-09-04T05:38:46 MDT" skipped="0">
  <testcase classname="testNG.FirstTestNG_Assignment" name="f" time="45.249"/>
</testsuite> <!-- testNG.FirstTestNG_Assignment -->
